<?xml version='1.0' encoding='UTF-8'?>
<dataset>
    <Department id="1" name="TDD" />
    <Employee id="1" name="Cesar" department_id="1" />
</dataset>